<?xml version="1.0" encoding="UTF-8"?>
<testsuite xmlns:xsi="http://www.w3.org/2001/XMLSchema-instance" xsi:noNamespaceSchemaLocation="https://maven.apache.org/surefire/maven-surefire-plugin/xsd/surefire-test-report.xsd" name="TestSuite" time="102.639" tests="5" errors="0" skipped="0" failures="1">
  <properties>
    <property name="sun.desktop" value="windows"/>
    <property name="awt.toolkit" value="sun.awt.windows.WToolkit"/>
    <property name="file.encoding.pkg" value="sun.io"/>
    <property name="java.specification.version" value="1.8"/>
    <property name="sun.cpu.isalist" value="amd64"/>
    <property name="sun.jnu.encoding" value="Cp1252"/>
    <property name="java.class.path" value="C:\Users\Antonio\IdeaProjects\Project\target\test-classes;C:\Users\Antonio\IdeaProjects\Project\target\classes;C:\Users\Antonio\.m2\repository\org\seleniumhq\selenium\selenium-java\3.141.59\selenium-java-3.141.59.jar;C:\Users\Antonio\.m2\repository\org\seleniumhq\selenium\selenium-api\3.141.59\selenium-api-3.141.59.jar;C:\Users\Antonio\.m2\repository\org\seleniumhq\selenium\selenium-chrome-driver\3.141.59\selenium-chrome-driver-3.141.59.jar;C:\Users\Antonio\.m2\repository\org\seleniumhq\selenium\selenium-edge-driver\3.141.59\selenium-edge-driver-3.141.59.jar;C:\Users\Antonio\.m2\repository\org\seleniumhq\selenium\selenium-firefox-driver\3.141.59\selenium-firefox-driver-3.141.59.jar;C:\Users\Antonio\.m2\repository\org\seleniumhq\selenium\selenium-ie-driver\3.141.59\selenium-ie-driver-3.141.59.jar;C:\Users\Antonio\.m2\repository\org\seleniumhq\selenium\selenium-opera-driver\3.141.59\selenium-opera-driver-3.141.59.jar;C:\Users\Antonio\.m2\repository\org\seleniumhq\selenium\selenium-remote-driver\3.141.59\selenium-remote-driver-3.141.59.jar;C:\Users\Antonio\.m2\repository\org\seleniumhq\selenium\selenium-safari-driver\3.141.59\selenium-safari-driver-3.141.59.jar;C:\Users\Antonio\.m2\repository\org\seleniumhq\selenium\selenium-support\3.141.59\selenium-support-3.141.59.jar;C:\Users\Antonio\.m2\repository\net\bytebuddy\byte-buddy\1.8.15\byte-buddy-1.8.15.jar;C:\Users\Antonio\.m2\repository\org\apache\commons\commons-exec\1.3\commons-exec-1.3.jar;C:\Users\Antonio\.m2\repository\com\google\guava\guava\25.0-jre\guava-25.0-jre.jar;C:\Users\Antonio\.m2\repository\com\google\code\findbugs\jsr305\1.3.9\jsr305-1.3.9.jar;C:\Users\Antonio\.m2\repository\org\checkerframework\checker-compat-qual\2.0.0\checker-compat-qual-2.0.0.jar;C:\Users\Antonio\.m2\repository\com\google\errorprone\error_prone_annotations\2.1.3\error_prone_annotations-2.1.3.jar;C:\Users\Antonio\.m2\repository\com\google\j2objc\j2objc-annotations\1.1\j2objc-annotations-1.1.jar;C:\Users\Antonio\.m2\repository\org\codehaus\mojo\animal-sniffer-annotations\1.14\animal-sniffer-annotations-1.14.jar;C:\Users\Antonio\.m2\repository\com\squareup\okhttp3\okhttp\3.11.0\okhttp-3.11.0.jar;C:\Users\Antonio\.m2\repository\com\squareup\okio\okio\1.14.0\okio-1.14.0.jar;C:\Users\Antonio\.m2\repository\org\testng\testng\7.0.0\testng-7.0.0.jar;C:\Users\Antonio\.m2\repository\com\beust\jcommander\1.72\jcommander-1.72.jar;C:\Users\Antonio\.m2\repository\org\apache\maven\plugins\maven-surefire-report-plugin\2.22.1\maven-surefire-report-plugin-2.22.1.jar;C:\Users\Antonio\.m2\repository\org\apache\maven\maven-project\2.2.1\maven-project-2.2.1.jar;C:\Users\Antonio\.m2\repository\org\apache\maven\maven-settings\2.2.1\maven-settings-2.2.1.jar;C:\Users\Antonio\.m2\repository\org\apache\maven\maven-profile\2.2.1\maven-profile-2.2.1.jar;C:\Users\Antonio\.m2\repository\org\apache\maven\maven-artifact-manager\2.2.1\maven-artifact-manager-2.2.1.jar;C:\Users\Antonio\.m2\repository\org\apache\maven\maven-repository-metadata\2.2.1\maven-repository-metadata-2.2.1.jar;C:\Users\Antonio\.m2\repository\org\apache\maven\wagon\wagon-provider-api\1.0-beta-6\wagon-provider-api-1.0-beta-6.jar;C:\Users\Antonio\.m2\repository\backport-util-concurrent\backport-util-concurrent\3.1\backport-util-concurrent-3.1.jar;C:\Users\Antonio\.m2\repository\org\apache\maven\maven-plugin-registry\2.2.1\maven-plugin-registry-2.2.1.jar;C:\Users\Antonio\.m2\repository\org\codehaus\plexus\plexus-interpolation\1.11\plexus-interpolation-1.11.jar;C:\Users\Antonio\.m2\repository\org\apache\maven\maven-artifact\2.2.1\maven-artifact-2.2.1.jar;C:\Users\Antonio\.m2\repository\org\codehaus\plexus\plexus-container-default\1.0-alpha-9-stable-1\plexus-container-default-1.0-alpha-9-stable-1.jar;C:\Users\Antonio\.m2\repository\junit\junit\3.8.1\junit-3.8.1.jar;C:\Users\Antonio\.m2\repository\classworlds\classworlds\1.1-alpha-2\classworlds-1.1-alpha-2.jar;C:\Users\Antonio\.m2\repository\org\apache\maven\maven-model\2.2.1\maven-model-2.2.1.jar;C:\Users\Antonio\.m2\repository\org\apache\maven\maven-plugin-api\2.2.1\maven-plugin-api-2.2.1.jar;C:\Users\Antonio\.m2\repository\org\apache\maven\plugin-tools\maven-plugin-annotations\3.5.2\maven-plugin-annotations-3.5.2.jar;C:\Users\Antonio\.m2\repository\org\apache\maven\surefire\surefire-report-parser\2.22.1\surefire-report-parser-2.22.1.jar;C:\Users\Antonio\.m2\repository\org\apache\maven\surefire\surefire-logger-api\2.22.1\surefire-logger-api-2.22.1.jar;C:\Users\Antonio\.m2\repository\org\apache\maven\reporting\maven-reporting-api\3.0\maven-reporting-api-3.0.jar;C:\Users\Antonio\.m2\repository\org\apache\maven\reporting\maven-reporting-impl\2.4\maven-reporting-impl-2.4.jar;C:\Users\Antonio\.m2\repository\org\apache\maven\shared\maven-shared-utils\0.6\maven-shared-utils-0.6.jar;C:\Users\Antonio\.m2\repository\org\apache\maven\doxia\doxia-sink-api\1.6\doxia-sink-api-1.6.jar;C:\Users\Antonio\.m2\repository\org\apache\maven\doxia\doxia-core\1.6\doxia-core-1.6.jar;C:\Users\Antonio\.m2\repository\xerces\xercesImpl\2.9.1\xercesImpl-2.9.1.jar;C:\Users\Antonio\.m2\repository\xml-apis\xml-apis\1.3.04\xml-apis-1.3.04.jar;C:\Users\Antonio\.m2\repository\commons-lang\commons-lang\2.4\commons-lang-2.4.jar;C:\Users\Antonio\.m2\repository\org\apache\httpcomponents\httpclient\4.0.2\httpclient-4.0.2.jar;C:\Users\Antonio\.m2\repository\commons-codec\commons-codec\1.3\commons-codec-1.3.jar;C:\Users\Antonio\.m2\repository\org\apache\httpcomponents\httpcore\4.0.1\httpcore-4.0.1.jar;C:\Users\Antonio\.m2\repository\xmlunit\xmlunit\1.5\xmlunit-1.5.jar;C:\Users\Antonio\.m2\repository\commons-validator\commons-validator\1.4.1\commons-validator-1.4.1.jar;C:\Users\Antonio\.m2\repository\commons-beanutils\commons-beanutils\1.8.3\commons-beanutils-1.8.3.jar;C:\Users\Antonio\.m2\repository\commons-digester\commons-digester\1.8.1\commons-digester-1.8.1.jar;C:\Users\Antonio\.m2\repository\commons-logging\commons-logging\1.2\commons-logging-1.2.jar;C:\Users\Antonio\.m2\repository\org\apache\maven\doxia\doxia-site-renderer\1.6\doxia-site-renderer-1.6.jar;C:\Users\Antonio\.m2\repository\org\apache\maven\doxia\doxia-logging-api\1.6\doxia-logging-api-1.6.jar;C:\Users\Antonio\.m2\repository\org\apache\maven\doxia\doxia-decoration-model\1.6\doxia-decoration-model-1.6.jar;C:\Users\Antonio\.m2\repository\org\apache\maven\doxia\doxia-module-xhtml\1.6\doxia-module-xhtml-1.6.jar;C:\Users\Antonio\.m2\repository\org\apache\maven\doxia\doxia-module-fml\1.6\doxia-module-fml-1.6.jar;C:\Users\Antonio\.m2\repository\org\codehaus\plexus\plexus-i18n\1.0-beta-7\plexus-i18n-1.0-beta-7.jar;C:\Users\Antonio\.m2\repository\org\codehaus\plexus\plexus-velocity\1.1.7\plexus-velocity-1.1.7.jar;C:\Users\Antonio\.m2\repository\org\apache\velocity\velocity\1.5\velocity-1.5.jar;C:\Users\Antonio\.m2\repository\oro\oro\2.0.8\oro-2.0.8.jar;C:\Users\Antonio\.m2\repository\org\apache\velocity\velocity-tools\2.0\velocity-tools-2.0.jar;C:\Users\Antonio\.m2\repository\commons-chain\commons-chain\1.1\commons-chain-1.1.jar;C:\Users\Antonio\.m2\repository\dom4j\dom4j\1.1\dom4j-1.1.jar;C:\Users\Antonio\.m2\repository\sslext\sslext\1.2-0\sslext-1.2-0.jar;C:\Users\Antonio\.m2\repository\org\apache\struts\struts-core\1.3.8\struts-core-1.3.8.jar;C:\Users\Antonio\.m2\repository\antlr\antlr\2.7.2\antlr-2.7.2.jar;C:\Users\Antonio\.m2\repository\org\apache\struts\struts-taglib\1.3.8\struts-taglib-1.3.8.jar;C:\Users\Antonio\.m2\repository\org\apache\struts\struts-tiles\1.3.8\struts-tiles-1.3.8.jar;C:\Users\Antonio\.m2\repository\commons-collections\commons-collections\3.2.1\commons-collections-3.2.1.jar;C:\Users\Antonio\.m2\repository\org\codehaus\plexus\plexus-component-annotations\1.5.5\plexus-component-annotations-1.5.5.jar;C:\Users\Antonio\.m2\repository\org\codehaus\plexus\plexus-utils\3.0.15\plexus-utils-3.0.15.jar;"/>
    <property name="java.vm.vendor" value="Oracle Corporation"/>
    <property name="sun.arch.data.model" value="64"/>
    <property name="user.variant" value=""/>
    <property name="java.vendor.url" value="http://java.oracle.com/"/>
    <property name="user.timezone" value="Europe/Belgrade"/>
    <property name="java.vm.specification.version" value="1.8"/>
    <property name="os.name" value="Windows 10"/>
    <property name="user.country" value="GB"/>
    <property name="sun.java.launcher" value="SUN_STANDARD"/>
    <property name="sun.boot.library.path" value="C:\Program Files\Java\jdk1.8.0_231\jre\bin"/>
    <property name="sun.java.command" value="C:\Users\Antonio\AppData\Local\Temp\surefire5669939223519923123\surefirebooter1177020020874989498.jar C:\Users\Antonio\AppData\Local\Temp\surefire5669939223519923123 2020-02-06T13-46-47_538-jvmRun1 surefire5215756745359967041tmp surefire_02016846410855372811tmp"/>
    <property name="surefire.test.class.path" value="C:\Users\Antonio\IdeaProjects\Project\target\test-classes;C:\Users\Antonio\IdeaProjects\Project\target\classes;C:\Users\Antonio\.m2\repository\org\seleniumhq\selenium\selenium-java\3.141.59\selenium-java-3.141.59.jar;C:\Users\Antonio\.m2\repository\org\seleniumhq\selenium\selenium-api\3.141.59\selenium-api-3.141.59.jar;C:\Users\Antonio\.m2\repository\org\seleniumhq\selenium\selenium-chrome-driver\3.141.59\selenium-chrome-driver-3.141.59.jar;C:\Users\Antonio\.m2\repository\org\seleniumhq\selenium\selenium-edge-driver\3.141.59\selenium-edge-driver-3.141.59.jar;C:\Users\Antonio\.m2\repository\org\seleniumhq\selenium\selenium-firefox-driver\3.141.59\selenium-firefox-driver-3.141.59.jar;C:\Users\Antonio\.m2\repository\org\seleniumhq\selenium\selenium-ie-driver\3.141.59\selenium-ie-driver-3.141.59.jar;C:\Users\Antonio\.m2\repository\org\seleniumhq\selenium\selenium-opera-driver\3.141.59\selenium-opera-driver-3.141.59.jar;C:\Users\Antonio\.m2\repository\org\seleniumhq\selenium\selenium-remote-driver\3.141.59\selenium-remote-driver-3.141.59.jar;C:\Users\Antonio\.m2\repository\org\seleniumhq\selenium\selenium-safari-driver\3.141.59\selenium-safari-driver-3.141.59.jar;C:\Users\Antonio\.m2\repository\org\seleniumhq\selenium\selenium-support\3.141.59\selenium-support-3.141.59.jar;C:\Users\Antonio\.m2\repository\net\bytebuddy\byte-buddy\1.8.15\byte-buddy-1.8.15.jar;C:\Users\Antonio\.m2\repository\org\apache\commons\commons-exec\1.3\commons-exec-1.3.jar;C:\Users\Antonio\.m2\repository\com\google\guava\guava\25.0-jre\guava-25.0-jre.jar;C:\Users\Antonio\.m2\repository\com\google\code\findbugs\jsr305\1.3.9\jsr305-1.3.9.jar;C:\Users\Antonio\.m2\repository\org\checkerframework\checker-compat-qual\2.0.0\checker-compat-qual-2.0.0.jar;C:\Users\Antonio\.m2\repository\com\google\errorprone\error_prone_annotations\2.1.3\error_prone_annotations-2.1.3.jar;C:\Users\Antonio\.m2\repository\com\google\j2objc\j2objc-annotations\1.1\j2objc-annotations-1.1.jar;C:\Users\Antonio\.m2\repository\org\codehaus\mojo\animal-sniffer-annotations\1.14\animal-sniffer-annotations-1.14.jar;C:\Users\Antonio\.m2\repository\com\squareup\okhttp3\okhttp\3.11.0\okhttp-3.11.0.jar;C:\Users\Antonio\.m2\repository\com\squareup\okio\okio\1.14.0\okio-1.14.0.jar;C:\Users\Antonio\.m2\repository\org\testng\testng\7.0.0\testng-7.0.0.jar;C:\Users\Antonio\.m2\repository\com\beust\jcommander\1.72\jcommander-1.72.jar;C:\Users\Antonio\.m2\repository\org\apache\maven\plugins\maven-surefire-report-plugin\2.22.1\maven-surefire-report-plugin-2.22.1.jar;C:\Users\Antonio\.m2\repository\org\apache\maven\maven-project\2.2.1\maven-project-2.2.1.jar;C:\Users\Antonio\.m2\repository\org\apache\maven\maven-settings\2.2.1\maven-settings-2.2.1.jar;C:\Users\Antonio\.m2\repository\org\apache\maven\maven-profile\2.2.1\maven-profile-2.2.1.jar;C:\Users\Antonio\.m2\repository\org\apache\maven\maven-artifact-manager\2.2.1\maven-artifact-manager-2.2.1.jar;C:\Users\Antonio\.m2\repository\org\apache\maven\maven-repository-metadata\2.2.1\maven-repository-metadata-2.2.1.jar;C:\Users\Antonio\.m2\repository\org\apache\maven\wagon\wagon-provider-api\1.0-beta-6\wagon-provider-api-1.0-beta-6.jar;C:\Users\Antonio\.m2\repository\backport-util-concurrent\backport-util-concurrent\3.1\backport-util-concurrent-3.1.jar;C:\Users\Antonio\.m2\repository\org\apache\maven\maven-plugin-registry\2.2.1\maven-plugin-registry-2.2.1.jar;C:\Users\Antonio\.m2\repository\org\codehaus\plexus\plexus-interpolation\1.11\plexus-interpolation-1.11.jar;C:\Users\Antonio\.m2\repository\org\apache\maven\maven-artifact\2.2.1\maven-artifact-2.2.1.jar;C:\Users\Antonio\.m2\repository\org\codehaus\plexus\plexus-container-default\1.0-alpha-9-stable-1\plexus-container-default-1.0-alpha-9-stable-1.jar;C:\Users\Antonio\.m2\repository\junit\junit\3.8.1\junit-3.8.1.jar;C:\Users\Antonio\.m2\repository\classworlds\classworlds\1.1-alpha-2\classworlds-1.1-alpha-2.jar;C:\Users\Antonio\.m2\repository\org\apache\maven\maven-model\2.2.1\maven-model-2.2.1.jar;C:\Users\Antonio\.m2\repository\org\apache\maven\maven-plugin-api\2.2.1\maven-plugin-api-2.2.1.jar;C:\Users\Antonio\.m2\repository\org\apache\maven\plugin-tools\maven-plugin-annotations\3.5.2\maven-plugin-annotations-3.5.2.jar;C:\Users\Antonio\.m2\repository\org\apache\maven\surefire\surefire-report-parser\2.22.1\surefire-report-parser-2.22.1.jar;C:\Users\Antonio\.m2\repository\org\apache\maven\surefire\surefire-logger-api\2.22.1\surefire-logger-api-2.22.1.jar;C:\Users\Antonio\.m2\repository\org\apache\maven\reporting\maven-reporting-api\3.0\maven-reporting-api-3.0.jar;C:\Users\Antonio\.m2\repository\org\apache\maven\reporting\maven-reporting-impl\2.4\maven-reporting-impl-2.4.jar;C:\Users\Antonio\.m2\repository\org\apache\maven\shared\maven-shared-utils\0.6\maven-shared-utils-0.6.jar;C:\Users\Antonio\.m2\repository\org\apache\maven\doxia\doxia-sink-api\1.6\doxia-sink-api-1.6.jar;C:\Users\Antonio\.m2\repository\org\apache\maven\doxia\doxia-core\1.6\doxia-core-1.6.jar;C:\Users\Antonio\.m2\repository\xerces\xercesImpl\2.9.1\xercesImpl-2.9.1.jar;C:\Users\Antonio\.m2\repository\xml-apis\xml-apis\1.3.04\xml-apis-1.3.04.jar;C:\Users\Antonio\.m2\repository\commons-lang\commons-lang\2.4\commons-lang-2.4.jar;C:\Users\Antonio\.m2\repository\org\apache\httpcomponents\httpclient\4.0.2\httpclient-4.0.2.jar;C:\Users\Antonio\.m2\repository\commons-codec\commons-codec\1.3\commons-codec-1.3.jar;C:\Users\Antonio\.m2\repository\org\apache\httpcomponents\httpcore\4.0.1\httpcore-4.0.1.jar;C:\Users\Antonio\.m2\repository\xmlunit\xmlunit\1.5\xmlunit-1.5.jar;C:\Users\Antonio\.m2\repository\commons-validator\commons-validator\1.4.1\commons-validator-1.4.1.jar;C:\Users\Antonio\.m2\repository\commons-beanutils\commons-beanutils\1.8.3\commons-beanutils-1.8.3.jar;C:\Users\Antonio\.m2\repository\commons-digester\commons-digester\1.8.1\commons-digester-1.8.1.jar;C:\Users\Antonio\.m2\repository\commons-logging\commons-logging\1.2\commons-logging-1.2.jar;C:\Users\Antonio\.m2\repository\org\apache\maven\doxia\doxia-site-renderer\1.6\doxia-site-renderer-1.6.jar;C:\Users\Antonio\.m2\repository\org\apache\maven\doxia\doxia-logging-api\1.6\doxia-logging-api-1.6.jar;C:\Users\Antonio\.m2\repository\org\apache\maven\doxia\doxia-decoration-model\1.6\doxia-decoration-model-1.6.jar;C:\Users\Antonio\.m2\repository\org\apache\maven\doxia\doxia-module-xhtml\1.6\doxia-module-xhtml-1.6.jar;C:\Users\Antonio\.m2\repository\org\apache\maven\doxia\doxia-module-fml\1.6\doxia-module-fml-1.6.jar;C:\Users\Antonio\.m2\repository\org\codehaus\plexus\plexus-i18n\1.0-beta-7\plexus-i18n-1.0-beta-7.jar;C:\Users\Antonio\.m2\repository\org\codehaus\plexus\plexus-velocity\1.1.7\plexus-velocity-1.1.7.jar;C:\Users\Antonio\.m2\repository\org\apache\velocity\velocity\1.5\velocity-1.5.jar;C:\Users\Antonio\.m2\repository\oro\oro\2.0.8\oro-2.0.8.jar;C:\Users\Antonio\.m2\repository\org\apache\velocity\velocity-tools\2.0\velocity-tools-2.0.jar;C:\Users\Antonio\.m2\repository\commons-chain\commons-chain\1.1\commons-chain-1.1.jar;C:\Users\Antonio\.m2\repository\dom4j\dom4j\1.1\dom4j-1.1.jar;C:\Users\Antonio\.m2\repository\sslext\sslext\1.2-0\sslext-1.2-0.jar;C:\Users\Antonio\.m2\repository\org\apache\struts\struts-core\1.3.8\struts-core-1.3.8.jar;C:\Users\Antonio\.m2\repository\antlr\antlr\2.7.2\antlr-2.7.2.jar;C:\Users\Antonio\.m2\repository\org\apache\struts\struts-taglib\1.3.8\struts-taglib-1.3.8.jar;C:\Users\Antonio\.m2\repository\org\apache\struts\struts-tiles\1.3.8\struts-tiles-1.3.8.jar;C:\Users\Antonio\.m2\repository\commons-collections\commons-collections\3.2.1\commons-collections-3.2.1.jar;C:\Users\Antonio\.m2\repository\org\codehaus\plexus\plexus-component-annotations\1.5.5\plexus-component-annotations-1.5.5.jar;C:\Users\Antonio\.m2\repository\org\codehaus\plexus\plexus-utils\3.0.15\plexus-utils-3.0.15.jar;"/>
    <property name="sun.cpu.endian" value="little"/>
    <property name="user.home" value="C:\Users\Antonio"/>
    <property name="user.language" value="en"/>
    <property name="java.specification.vendor" value="Oracle Corporation"/>
    <property name="java.home" value="C:\Program Files\Java\jdk1.8.0_231\jre"/>
    <property name="basedir" value="C:\Users\Antonio\IdeaProjects\Project"/>
    <property name="file.separator" value="\"/>
    <property name="line.separator" value="&#10;"/>
    <property name="java.vm.specification.vendor" value="Oracle Corporation"/>
    <property name="java.specification.name" value="Java Platform API Specification"/>
    <property name="java.awt.graphicsenv" value="sun.awt.Win32GraphicsEnvironment"/>
    <property name="surefire.real.class.path" value="C:\Users\Antonio\AppData\Local\Temp\surefire5669939223519923123\surefirebooter1177020020874989498.jar"/>
    <property name="sun.boot.class.path" value="C:\Program Files\Java\jdk1.8.0_231\jre\lib\resources.jar;C:\Program Files\Java\jdk1.8.0_231\jre\lib\rt.jar;C:\Program Files\Java\jdk1.8.0_231\jre\lib\sunrsasign.jar;C:\Program Files\Java\jdk1.8.0_231\jre\lib\jsse.jar;C:\Program Files\Java\jdk1.8.0_231\jre\lib\jce.jar;C:\Program Files\Java\jdk1.8.0_231\jre\lib\charsets.jar;C:\Program Files\Java\jdk1.8.0_231\jre\lib\jfr.jar;C:\Program Files\Java\jdk1.8.0_231\jre\classes"/>
    <property name="user.script" value=""/>
    <property name="sun.management.compiler" value="HotSpot 64-Bit Tiered Compilers"/>
    <property name="java.runtime.version" value="1.8.0_231-b11"/>
    <property name="user.name" value="Antonio"/>
    <property name="path.separator" value=";"/>
    <property name="os.version" value="10.0"/>
    <property name="java.endorsed.dirs" value="C:\Program Files\Java\jdk1.8.0_231\jre\lib\endorsed"/>
    <property name="java.runtime.name" value="Java(TM) SE Runtime Environment"/>
    <property name="file.encoding" value="Cp1252"/>
    <property name="java.vm.name" value="Java HotSpot(TM) 64-Bit Server VM"/>
    <property name="localRepository" value="C:\Users\Antonio\.m2\repository"/>
    <property name="java.vendor.url.bug" value="http://bugreport.sun.com/bugreport/"/>
    <property name="java.io.tmpdir" value="C:\Users\Antonio\AppData\Local\Temp\"/>
    <property name="java.version" value="1.8.0_231"/>
    <property name="user.dir" value="C:\Users\Antonio\IdeaProjects\Project"/>
    <property name="os.arch" value="amd64"/>
    <property name="java.vm.specification.name" value="Java Virtual Machine Specification"/>
    <property name="java.awt.printerjob" value="sun.awt.windows.WPrinterJob"/>
    <property name="sun.os.patch.level" value=""/>
    <property name="java.library.path" value="C:\Program Files\Java\jdk1.8.0_231\jre\bin;C:\Windows\Sun\Java\bin;C:\Windows\system32;C:\Windows;C:\Program Files (x86)\Common Files\Oracle\Java\javapath;C:\Windows\system32;C:\Windows;C:\Windows\System32\Wbem;C:\Windows\System32\WindowsPowerShell\v1.0\;C:\Windows\System32\OpenSSH\;C:\Program Files\dotnet\;C:\Program Files\Microsoft SQL Server\130\Tools\Binn\;C:\Program Files\Microsoft SQL Server\Client SDK\ODBC\170\Tools\Binn\;C:\Program Files\Polyspace\R2019a\runtime\win64;C:\Program Files\Polyspace\R2019a\bin;C:\Program Files\Polyspace\R2019a\polyspace\bin;C:\Program Files\nodejs\;C:\Program Files\Git\cmd;C:\Users\Antonio\Anaconda3;C:\Users\Antonio\Anaconda3\Library\mingw-w64\bin;C:\Users\Antonio\Anaconda3\Library\usr\bin;C:\Users\Antonio\Anaconda3\Library\bin;C:\Users\Antonio\Anaconda3\Scripts;C:\Users\Antonio\AppData\Local\Microsoft\WindowsApps;C:\Users\Antonio\AppData\Local\Programs\Microsoft VS Code\bin;C:\Program Files\JetBrains\PyCharm Community Edition 2019.2.3\bin;;C:\Program Files\JetBrains\IntelliJ IDEA 2019.2.4\bin;;C:\Program Files\apache-maven-3.6.2\bin;C:\drivers;C:\Program Files (x86)\Java\jre1.8.0_231\bin;C:\Users\Antonio\AppData\Roaming\npm;."/>
    <property name="java.vm.info" value="mixed mode"/>
    <property name="java.vendor" value="Oracle Corporation"/>
    <property name="java.vm.version" value="25.231-b11"/>
    <property name="java.ext.dirs" value="C:\Program Files\Java\jdk1.8.0_231\jre\lib\ext;C:\Windows\Sun\Java\lib\ext"/>
    <property name="sun.io.unicode.encoding" value="UnicodeLittle"/>
    <property name="java.class.version" value="52.0"/>
  </properties>
  <testcase name="firstTest" classname="ProjectTest" time="3.911"/>
  <testcase name="secondTest" classname="ProjectTest2" time="9.001">
    <failure message="expected [630, 224] but found [630, 206]" type="java.lang.AssertionError">java.lang.AssertionError: expected [630, 224] but found [630, 206]
	at ProjectTest2.secondTest(ProjectTest2.java:49)
</failure>
    <system-out><![CDATA[Location of IMDb rating section begins on: 630, 206
]]></system-out>
    <system-err><![CDATA[Starting ChromeDriver 78.0.3904.105 (60e2d8774a8151efa6a00b1f358371b1e0e07ee2-refs/branch-heads/3904@{#877}) on port 32891
Only local connections are allowed.
Please protect ports used by ChromeDriver and related test frameworks to prevent access by malicious code.
[1580993227.845][WARNING]: This version of ChromeDriver has not been tested with Chrome version 79.
[1580993229.858][WARNING]: Timed out connecting to Chrome, retrying...
Feb 06, 2020 1:47:11 PM org.openqa.selenium.remote.ProtocolHandshake createSession
INFO: Detected dialect: W3C
[1580993235.128][WARNING]: Timed out connecting to Chrome, retrying...
]]></system-err>
  </testcase>
  <testcase name="thirdTest" classname="ProjectTest3" time="15.769"/>
  <testcase name="fourthTest" classname="ProjectTest4" time="8.175"/>
  <testcase name="fifthTest" classname="ProjectTest5" time="7.644"/>
</testsuite>