<?xml version="1.0" encoding="UTF-8"?>
<!-- Generated by org.testng.reporters.JUnitReportReporter -->
<testsuite skipped="0" hostname="DESKTOP-S9CODJT" name="TestClass2" tests="1" failures="0" timestamp="2020-02-05T21:23:58 CET" time="19.698" errors="0">
  <testcase name="secondTest" time="19.698" classname="TestClass2"/>
</testsuite> <!-- TestClass2 -->
