<?xml version="1.0" encoding="UTF-8"?>
<!-- Generated by org.testng.reporters.JUnitReportReporter -->
<testsuite skipped="0" hostname="DESKTOP-S9CODJT" name="ProjectTest" tests="1" failures="0" timestamp="2020-02-06T13:48:32 CET" time="16.258" errors="0">
  <testcase name="firstTest" time="16.258" classname="ProjectTest"/>
</testsuite> <!-- ProjectTest -->
