<?xml version="1.0" encoding="UTF-8"?>
<!-- Generated by org.testng.reporters.JUnitReportReporter -->
<testsuite skipped="0" hostname="DESKTOP-S9CODJT" name="TestClass" tests="1" failures="0" timestamp="2020-02-05T21:48:57 CET" time="14.639" errors="0">
  <testcase name="firstTest" time="14.639" classname="TestClass"/>
</testsuite> <!-- TestClass -->
