<?xml version="1.0" encoding="UTF-8"?>
<!-- Generated by org.testng.reporters.JUnitReportReporter -->
<testsuite skipped="0" hostname="DESKTOP-S9CODJT" name="ProjectTest3" tests="1" failures="0" timestamp="2020-02-06T13:48:32 CET" time="26.903" errors="0">
  <testcase name="thirdTest" time="26.903" classname="ProjectTest3"/>
</testsuite> <!-- ProjectTest3 -->
